#
# There is insufficient memory for the Java Runtime Environment to continue.
# Native memory allocation (mmap) failed to map 266338304 bytes. Error detail: G1 virtual space
# Possible reasons:
#   The system is out of physical RAM or swap space
#   This process is running with CompressedOops enabled, and the Java Heap may be blocking the growth of the native heap
# Possible solutions:
#   Reduce memory load on the system
#   Increase physical memory or swap space
#   Check if swap backing store is full
#   Decrease Java heap size (-Xmx/-Xms)
#   Decrease number of Java threads
#   Decrease Java thread stack sizes (-Xss)
#   Set larger code cache with -XX:ReservedCodeCacheSize=
#   JVM is running with Zero Based Compressed Oops mode in which the Java heap is
#     placed in the first 32GB address space. The Java Heap base address is the
#     maximum limit for the native heap growth. Please use -XX:HeapBaseMinAddress
#     to set the Java Heap base and to place the Java Heap above 32GB virtual address.
# This output file may be truncated or incomplete.
#
#  Out of Memory Error (os_windows.cpp:3925), pid=16416, tid=28728
#
# JRE version:  (21.0.8+1) (build )
# Java VM: OpenJDK 64-Bit Server VM (21.0.8+1-b1038.71, mixed mode, sharing, tiered, compressed oops, compressed class ptrs, g1 gc, windows-amd64)
# No core dump will be written. Minidumps are not enabled by default on client versions of Windows
#

---------------  S U M M A R Y ------------

Command Line: -Dfile.encoding=GBK D:\DevEco Studio\sdk\default\openharmony\toolchains\lib\app_packing_tool.jar --mode hap --force true --lib-path D:\BiliTerm_OH\entry\build\default\intermediates\stripped_native_libs\default --json-path D:\BiliTerm_OH\entry\build\default\intermediates\package\default\module.json --resources-path D:\BiliTerm_OH\entry\build\default\intermediates\res\default\resources --index-path D:\BiliTerm_OH\entry\build\default\intermediates\res\default\resources.index --pack-info-path D:\BiliTerm_OH\entry\build\default\outputs\default\pack.info --out-path D:\BiliTerm_OH\entry\build\default\outputs\default\entry-default-unsigned.hap --ets-path D:\BiliTerm_OH\entry\build\default\intermediates\loader_out\default\ets --pkg-context-path D:\BiliTerm_OH\entry\build\default\intermediates\loader\default\pkgContextInfo.json

Host: 13th Gen Intel(R) Core(TM) i5-13500H, 16 cores, 15G,  Windows 11 , 64 bit Build 26100 (10.0.26100.8687)
Time: Wed Jun 24 15:08:51 2026 elapsed time: 0.006548 seconds (0d 0h 0m 0s)

---------------  T H R E A D  ---------------

Current thread (0x00000247696131b0):  JavaThread "Unknown thread" [_thread_in_vm, id=28728, stack(0x000000640f300000,0x000000640f400000) (1024K)]

Stack: [0x000000640f300000,0x000000640f400000]
Native frames: (J=compiled Java code, j=interpreted, Vv=VM code, C=native code)
V  [jvm.dll+0x6ebeb9]
V  [jvm.dll+0x8cbec3]
V  [jvm.dll+0x8ce47e]
V  [jvm.dll+0x8ceb63]
V  [jvm.dll+0x28adf6]
V  [jvm.dll+0x6e8695]
V  [jvm.dll+0x6dbeea]
V  [jvm.dll+0x36689b]
V  [jvm.dll+0x36e466]
V  [jvm.dll+0x3c08c6]
V  [jvm.dll+0x3c0b98]
V  [jvm.dll+0x3390cc]
V  [jvm.dll+0x339dbb]
V  [jvm.dll+0x893349]
V  [jvm.dll+0x3cda98]
V  [jvm.dll+0x87c368]
V  [jvm.dll+0x46283e]
V  [jvm.dll+0x464521]
C  [jli.dll+0x52ab]
C  [ucrtbase.dll+0x2cd30]
C  [KERNEL32.DLL+0x2e957]
C  [ntdll.dll+0xaad6c]


---------------  P R O C E S S  ---------------

Threads class SMR info:
_java_thread_list=0x00007ffc215432c8, length=0, elements={
}

Java Threads: ( => current thread )
Total: 0

Other Threads:
  0x0000024769c37620 WorkerThread "GC Thread#0"                     [id=7868, stack(0x000000640f400000,0x000000640f500000) (1024K)]
  0x0000024769c4a070 ConcurrentGCThread "G1 Main Marker"            [id=17472, stack(0x000000640f500000,0x000000640f600000) (1024K)]
  0x0000024769c4aa80 WorkerThread "G1 Conc#0"                       [id=9324, stack(0x000000640f600000,0x000000640f700000) (1024K)]

[error occurred during error reporting (printing all threads), id 0xc0000005, EXCEPTION_ACCESS_VIOLATION (0xc0000005) at pc=0x00007ffc20c2c0b7]
VM state: not at safepoint (not fully initialized)

VM Mutex/Monitor currently owned by a thread:  ([mutex/lock_event])
[0x00007ffc215b7d58] Heap_lock - owner thread: 0x00000247696131b0

Heap address: 0x0000000703200000, size: 4046 MB, Compressed Oops mode: Zero based, Oop shift amount: 3

CDS archive(s) mapped at: [0x0000000000000000-0x0000000000000000-0x0000000000000000), size 0, SharedBaseAddress: 0x0000000800000000, ArchiveRelocationMode: 1.
Narrow klass base: 0x0000000000000000, Narrow klass shift: 0, Narrow klass range: 0x0

GC Precious Log:
 CardTable entry size: 512
 Card Set container configuration: InlinePtr #cards 4 size 8 Array Of Cards #cards 16 size 48 Howl #buckets 8 coarsen threshold 3686 Howl Bitmap #cards 512 size 80 coarsen threshold 460 Card regions per heap region 1 cards per card region 4096

Heap:
 garbage-first heap   total 0K, used 0K [0x0000000703200000, 0x0000000800000000)
  region size 2048K, 0 young (0K), 0 survivors (0K)
 Metaspace       used 0K, committed 0K, reserved 0K
  class space    used 0K, committed 0K, reserved 0K

Heap Regions: E=young(eden), S=young(survivor), O=old, HS=humongous(starts), HC=humongous(continues), CS=collection set, F=free, TAMS=top-at-mark-start, PB=parsable bottom

Card table byte_map: [0x0000024700000000,0x00000247007f0000] _byte_map_base: 0x00000246fc7e7000

Marking Bits: (CMBitMap*) 0x0000024769c38c40
 Bits: [0x00000247007f0000, 0x0000024704728000)

GC Heap History (0 events):
No events

Dll operation events (1 events):
Event: 0.004 Loaded shared library D:\DevEco Studio\jbr\bin\java.dll

Deoptimization events (0 events):
No events

Classes loaded (0 events):
No events

Classes unloaded (0 events):
No events

Classes redefined (0 events):
No events

Internal exceptions (0 events):
No events

ZGC Phase Switch (0 events):
No events

VM Operations (0 events):
No events

Memory protections (0 events):
No events

Nmethod flushes (0 events):
No events

Events (0 events):
No events


Dynamic libraries:
0x00007ff69eb40000 - 0x00007ff69eb4a000 	D:\DevEco Studio\jbr\bin\java.exe
0x00007ffc83340000 - 0x00007ffc835a6000 	C:\WINDOWS\SYSTEM32\ntdll.dll
0x00007ffc818d0000 - 0x00007ffc81999000 	C:\WINDOWS\System32\KERNEL32.DLL
0x00007ffc807a0000 - 0x00007ffc80ba1000 	C:\WINDOWS\System32\KERNELBASE.dll
0x00007ffc80de0000 - 0x00007ffc80f2c000 	C:\WINDOWS\System32\ucrtbase.dll
0x00007ffc40bc0000 - 0x00007ffc40bd8000 	D:\DevEco Studio\jbr\bin\jli.dll
0x00007ffc7b4c0000 - 0x00007ffc7b4db000 	D:\DevEco Studio\jbr\bin\VCRUNTIME140.dll
0x00007ffc822d0000 - 0x00007ffc82497000 	C:\WINDOWS\System32\USER32.dll
0x00007ffc80fe0000 - 0x00007ffc81007000 	C:\WINDOWS\System32\win32u.dll
0x00007ffc53390000 - 0x00007ffc53622000 	C:\WINDOWS\WinSxS\amd64_microsoft.windows.common-controls_6595b64144ccf1df_6.0.26100.8687_none_3e0e3044e32f35d4\COMCTL32.dll
0x00007ffc812e0000 - 0x00007ffc8130b000 	C:\WINDOWS\System32\GDI32.dll
0x00007ffc820d0000 - 0x00007ffc82179000 	C:\WINDOWS\System32\msvcrt.dll
0x00007ffc805b0000 - 0x00007ffc806d9000 	C:\WINDOWS\System32\gdi32full.dll
0x00007ffc80f30000 - 0x00007ffc80fd3000 	C:\WINDOWS\System32\msvcp_win.dll
0x00007ffc82ef0000 - 0x00007ffc82f22000 	C:\WINDOWS\System32\IMM32.DLL
0x00007ffc7b4e0000 - 0x00007ffc7b4ec000 	D:\DevEco Studio\jbr\bin\vcruntime140_1.dll
0x00007ffc0bf40000 - 0x00007ffc0bfcd000 	D:\DevEco Studio\jbr\bin\msvcp140.dll
0x00007ffc208e0000 - 0x00007ffc216ab000 	D:\DevEco Studio\jbr\bin\server\jvm.dll
0x00007ffc819a0000 - 0x00007ffc81a57000 	C:\WINDOWS\System32\ADVAPI32.dll
0x00007ffc82220000 - 0x00007ffc822ca000 	C:\WINDOWS\System32\sechost.dll
0x00007ffc82630000 - 0x00007ffc82748000 	C:\WINDOWS\System32\RPCRT4.dll
0x00007ffc83120000 - 0x00007ffc831a0000 	C:\WINDOWS\System32\WS2_32.dll
0x00007ffc80250000 - 0x00007ffc802ae000 	C:\WINDOWS\SYSTEM32\POWRPROF.dll
0x00007ffc70700000 - 0x00007ffc70736000 	C:\WINDOWS\SYSTEM32\WINMM.dll
0x00007ffc75e80000 - 0x00007ffc75e8b000 	C:\WINDOWS\SYSTEM32\VERSION.dll
0x00007ffc80230000 - 0x00007ffc80244000 	C:\WINDOWS\SYSTEM32\UMPDC.dll
0x00007ffc7f2c0000 - 0x00007ffc7f2db000 	C:\WINDOWS\SYSTEM32\kernel.appcore.dll
0x00007ffc7b4b0000 - 0x00007ffc7b4ba000 	D:\DevEco Studio\jbr\bin\jimage.dll
0x00007ffc7da60000 - 0x00007ffc7dca2000 	C:\WINDOWS\SYSTEM32\DBGHELP.DLL
0x00007ffc81cc0000 - 0x00007ffc82043000 	C:\WINDOWS\System32\combase.dll
0x00007ffc824a0000 - 0x00007ffc82579000 	C:\WINDOWS\System32\OLEAUT32.dll
0x00007ffc61570000 - 0x00007ffc615ab000 	C:\WINDOWS\SYSTEM32\dbgcore.DLL
0x00007ffc80d30000 - 0x00007ffc80ddc000 	C:\WINDOWS\System32\bcryptPrimitives.dll
0x00007ffc780e0000 - 0x00007ffc78100000 	D:\DevEco Studio\jbr\bin\java.dll

JVMTI agents: none

dbghelp: loaded successfully - version: 4.0.5 - missing functions: none
symbol engine: initialized successfully - sym options: 0x614 - pdb path: .;D:\DevEco Studio\jbr\bin;C:\WINDOWS\SYSTEM32;C:\WINDOWS\WinSxS\amd64_microsoft.windows.common-controls_6595b64144ccf1df_6.0.26100.8687_none_3e0e3044e32f35d4;D:\DevEco Studio\jbr\bin\server

VM Arguments:
jvm_args: -Dfile.encoding=GBK 
java_command: D:\DevEco Studio\sdk\default\openharmony\toolchains\lib\app_packing_tool.jar --mode hap --force true --lib-path D:\BiliTerm_OH\entry\build\default\intermediates\stripped_native_libs\default --json-path D:\BiliTerm_OH\entry\build\default\intermediates\package\default\module.json --resources-path D:\BiliTerm_OH\entry\build\default\intermediates\res\default\resources --index-path D:\BiliTerm_OH\entry\build\default\intermediates\res\default\resources.index --pack-info-path D:\BiliTerm_OH\entry\build\default\outputs\default\pack.info --out-path D:\BiliTerm_OH\entry\build\default\outputs\default\entry-default-unsigned.hap --ets-path D:\BiliTerm_OH\entry\build\default\intermediates\loader_out\default\ets --pkg-context-path D:\BiliTerm_OH\entry\build\default\intermediates\loader\default\pkgContextInfo.json
java_class_path (initial): D:\DevEco Studio\sdk\default\openharmony\toolchains\lib\app_packing_tool.jar
Launcher Type: SUN_STANDARD

[Global flags]
     intx CICompilerCount                          = 12                                        {product} {ergonomic}
     uint ConcGCThreads                            = 3                                         {product} {ergonomic}
     uint G1ConcRefinementThreads                  = 13                                        {product} {ergonomic}
   size_t G1HeapRegionSize                         = 2097152                                   {product} {ergonomic}
    uintx GCDrainStackTargetSize                   = 64                                        {product} {ergonomic}
   size_t InitialHeapSize                          = 266338304                                 {product} {ergonomic}
   size_t MarkStackSize                            = 4194304                                   {product} {ergonomic}
   size_t MaxHeapSize                              = 4242538496                                {product} {ergonomic}
   size_t MinHeapDeltaBytes                        = 2097152                                   {product} {ergonomic}
   size_t MinHeapSize                              = 8388608                                   {product} {ergonomic}
    uintx NonNMethodCodeHeapSize                   = 7602480                                {pd product} {ergonomic}
    uintx NonProfiledCodeHeapSize                  = 122027880                              {pd product} {ergonomic}
    uintx ProfiledCodeHeapSize                     = 122027880                              {pd product} {ergonomic}
    uintx ReservedCodeCacheSize                    = 251658240                              {pd product} {ergonomic}
     bool SegmentedCodeCache                       = true                                      {product} {ergonomic}
   size_t SoftMaxHeapSize                          = 4242538496                             {manageable} {ergonomic}
     bool UseCompressedOops                        = true                           {product lp64_product} {ergonomic}
     bool UseG1GC                                  = true                                      {product} {ergonomic}
     bool UseLargePagesIndividualAllocation        = false                                  {pd product} {ergonomic}

Logging:
Log output configuration:
 #0: stdout all=warning uptime,level,tags foldmultilines=false
 #1: stderr all=off uptime,level,tags foldmultilines=false

Environment Variables:
JAVA_HOME=D:\DevEco Studio\jbr
PATH=D:\DevEco Studio\tools\node;D:\DevEco Studio\jbr\bin;C:\Python314\Scripts\;C:\Python314\;D:\华为手表HDC工具箱\toolchains;D:\VMware\VMware Workstation\bin\;C:\Program Files\NVIDIA GPU Computing Toolkit\CUDA\v11.8\bin;C:\Program Files\NVIDIA GPU Computing Toolkit\CUDA\v11.8\libnvvp;C:\Program Files\Common Files\Oracle\Java\javapath;C:\Program Files (x86)\Common Files\Oracle\Java\javapath;C:\Windows\system32;C:\Windows;C:\Windows\System32\Wbem;C:\Windows\System32\WindowsPowerShell\v1.0\;C:\Windows\System32\OpenSSH\;D:\Git\cmd;C:\Program Files\NVIDIA Corporation\Nsight Compute 2022.3.0\;C:\Program Files (x86)\NVIDIA Corporation\PhysX\Common;C:\WINDOWS\system32;C:\WINDOWS;C:\WINDOWS\System32\Wbem;C:\WINDOWS\System32\WindowsPowerShell\v1.0\;C:\WINDOWS\System32\OpenSSH\;C:\Program Files\NVIDIA GPU Computing Toolkit\CUDA\v11.8\include;C:\Program Files\NVIDIA GPU Computing Toolkit\CUDA\v11.8\lib;C:\Program Files\dotnet\;D:\Dev-Cpp\MinGW64\bin;C:\Program Files\NVIDIA Corporation\NVIDIA App\NvDLISR;C:\Program Files\PowerShell\7\;C:\ProgramData\chocolatey\bin;D:\NodeJS\;C:\Users\skyuc\AppData\Local\Programs\Python\Python312\Scripts\;C:\Users\skyuc\AppData\Local\Programs\Python\Python312\;C:\Users\skyuc\AppData\Local\Microsoft\WindowsApps;C:\Users\skyuc\.dotnet\tools;C:\Users\skyuc\AppData\Local\Programs\Fiddler;%DevEco Studio%;C:\Users\skyuc\AppData\Local\Programs\Microsoft VS Code\bin;D:\DevEco Studio\tools\ohpm\bin;D:\DevEco Studio\tools\hvigor\bin;D:\DevEco Studio\tools\node;D:\DevEco Studio\jbr\bin;D:\flutter_flutter\bin;D:\linked_commands;D:\PyCharm 2025.3.1\bin;C:\Users\skyuc\AppData\Roaming\npm;C:\Users\skyuc\AppData\Local\Microsoft\WinGet\Links;C:\Users\skyuc\AppData\Local\rubberband\rubberband-4.0.0-gpl-executable-windows
USERNAME=skyuc
OS=Windows_NT
PROCESSOR_IDENTIFIER=Intel64 Family 6 Model 186 Stepping 2, GenuineIntel
TMP=D:\utemp
TEMP=D:\utemp




Periodic native trim disabled

JNI global refs:
JNI global refs: 0, weak refs: 0

JNI global refs memory usage: 0, weak refs: 0

Process memory usage:
Resident Set Size: 13552K (0% of 16564280K total physical memory with 3807404K free physical memory)

OOME stack traces (most recent first):
Classloader memory used:

---------------  S Y S T E M  ---------------

OS:
 Windows 11 , 64 bit Build 26100 (10.0.26100.8687)
OS uptime: 0 days 6:51 hours
Hyper-V role detected

CPU: total 16 (initial active 16) (8 cores per cpu, 2 threads per core) family 6 model 186 stepping 2 microcode 0x410e, cx8, cmov, fxsr, ht, mmx, 3dnowpref, sse, sse2, sse3, ssse3, sse4.1, sse4.2, popcnt, lzcnt, tsc, tscinvbit, avx, avx2, aes, erms, clmul, bmi1, bmi2, adx, sha, fma, vzeroupper, clflush, clflushopt, clwb, hv, serialize, rdtscp, rdpid, fsrm, f16c, cet_ibt, cet_ss
Processor Information for processor 0
  Max Mhz: 2600, Current Mhz: 2600, Mhz Limit: 2600
Processor Information for processor 1
  Max Mhz: 2600, Current Mhz: 2600, Mhz Limit: 2600
Processor Information for processor 2
  Max Mhz: 2600, Current Mhz: 2600, Mhz Limit: 2600
Processor Information for processor 3
  Max Mhz: 2600, Current Mhz: 2600, Mhz Limit: 2600
Processor Information for processor 4
  Max Mhz: 2600, Current Mhz: 2600, Mhz Limit: 2600
Processor Information for processor 5
  Max Mhz: 2600, Current Mhz: 2600, Mhz Limit: 2600
Processor Information for processor 6
  Max Mhz: 2600, Current Mhz: 2600, Mhz Limit: 2600
Processor Information for processor 7
  Max Mhz: 2600, Current Mhz: 2600, Mhz Limit: 2600
Processor Information for processor 8
  Max Mhz: 2600, Current Mhz: 1900, Mhz Limit: 1898
Processor Information for processor 9
  Max Mhz: 2600, Current Mhz: 1900, Mhz Limit: 1898
Processor Information for processor 10
  Max Mhz: 2600, Current Mhz: 1900, Mhz Limit: 1898
Processor Information for processor 11
  Max Mhz: 2600, Current Mhz: 1900, Mhz Limit: 1898
Processor Information for processor 12
  Max Mhz: 2600, Current Mhz: 1900, Mhz Limit: 1898
Processor Information for processor 13
  Max Mhz: 2600, Current Mhz: 1900, Mhz Limit: 1898
Processor Information for processor 14
  Max Mhz: 2600, Current Mhz: 1900, Mhz Limit: 1898
Processor Information for processor 15
  Max Mhz: 2600, Current Mhz: 1900, Mhz Limit: 1898

Memory: 4k page, system-wide physical 16176M (3718M free)
TotalPageFile size 24310M (AvailPageFile size 186M)
current process WorkingSet (physical memory assigned to process): 13M, peak: 13M
current process commit charge ("private bytes"): 71M, peak: 324M

vm_info: OpenJDK 64-Bit Server VM (21.0.8+1-b1038.71) for windows-amd64 JRE (21.0.8+1-b1038.71), built on 2025-09-04 by "builduser" with MS VC++ 16.10 / 16.11 (VS2019)

END.
